[*] Using ADB: /home/matthew/.local/bin/adbx
[*] Target: SM-S928B (e3q) Android 16 One UI 80000 | serial=R5CX23E1CHM | user=0 | mode=balanced | dry-run=0
================================================================================
 HARDEN (reversible) will DISABLE per-user the following categories in MODE=balanced:
   - Google consumer apps, Bixby stack, Samsung 'Free/TV Plus/AR/Game' bits, partner preloads
   - Telemetry-lite (diag agents) — core telephony/IMS & essentials are PROTECTED
 Kept by default (protected): Play Services/Store/GSF/Sync, WebView, Samsung Pass & Wallet,
   telephony/IMS, launcher/dialer/messaging/contacts/camera/gallery/myfiles.
 DRY_RUN=0  USER=0  OUTDIR=./adb-harden-20251002-040410
================================================================================
Type 'I UNDERSTAND' to proceed: [*] Disabled: com.google.android.gm
[*] Disabled: com.google.android.apps.maps
[*] Disabled: com.google.android.apps.photos
[*] Disabled: com.google.android.youtube
[*] Disabled: com.google.android.apps.youtube.music
[*] Disabled: com.android.chrome
[*] Disabled: com.google.android.apps.docs
[*] Disabled: com.google.android.videos
[*] Disabled: com.google.android.googlequicksearchbox
[*] Disabled: com.android.hotwordenrollment.okgoogle
[*] Disabled: com.android.hotwordenrollment.xgoogle
[*] Disabled: com.google.android.apps.bard
[*] Disabled: com.google.android.apps.turbo
[*] Disabled: com.google.ar.core
[*] Disabled: com.google.android.projection.gearhead
[*] Disabled: com.samsung.android.app.tips
[*] Disabled: com.samsung.android.app.spage
[*] Disabled: com.samsung.sree
[*] Disabled: com.samsung.android.game.gamehome
[*] Disabled: com.samsung.android.game.gametools
[*] Disabled: com.samsung.android.game.gos
[*] Disabled: com.samsung.android.aremoji
[*] Disabled: com.samsung.android.aremojieditor
[*] Disabled: com.sec.android.app.kidshome
[*] Disabled: com.samsung.android.kidsinstaller
[*] Disabled: com.sec.android.app.quicktool
[*] Disabled: com.samsung.mediasearch
[*] Disabled: com.samsung.ecomm.global.gbr
[*] Disabled: com.samsung.android.app.parentalcare
[*] Disabled: com.samsung.android.app.readingglass
[*] Disabled: com.samsung.android.app.routines
[*] Disabled: com.samsung.android.smartmirroring
[*] Disabled: com.samsung.android.aicore
[*] Disabled: com.samsung.android.bixby.agent
[*] Disabled: com.samsung.android.bixby.wakeup
[*] Disabled: com.samsung.android.bixbyvision.framework
[*] Disabled: com.samsung.android.visionintelligence
[*] Disabled: com.samsung.android.intellivoiceservice
[*] Disabled: com.facebook.katana
[*] Disabled: com.facebook.appmanager
[*] Disabled: com.facebook.services
[*] Disabled: com.facebook.system
[*] Disabled: com.linkedin.android
[*] Disabled: com.netflix.mediaclient
[*] Disabled: com.microsoft.skydrive
[*] Disabled: com.microsoft.office.officehubrow
[*] Disabled: com.microsoft.office.outlook
[*] Disabled: com.spotify.music
[*] Disabled: com.hiya.star
[*] Disabled: com.sec.android.diagmonagent
[*] Disabled: com.samsung.android.dqagent
================================================================================
 Done. Artifacts in: ./adb-harden-20251002-040410
   - Re-enable helper: ./adb-harden-20251002-040410/reenable.sh
   - Actions CSV     : ./adb-harden-20251002-040410/actions.csv
   - Enabled list    : ./adb-harden-20251002-040410/packages-enabled-0.txt
   - Disabled list   : ./adb-harden-20251002-040410/packages-disabled-0.txt
 Reboot recommended. To revert everything from this run:
   ./adb-harden-20251002-040410/reenable.sh
================================================================================
